androidPro/unityLibrary/build/intermediates/manifest_merge_blame_file/debug/manifest-merger-blame-debug-report.txt
1<?xml version="1.0" encoding="utf-8"?>
2<manifest xmlns:android="http://schemas.android.com/apk/res/android"
3    package="com.unity3d.player"
4    android:versionCode="1"
5    android:versionName="0.1" >
6
7    <uses-sdk
8        android:minSdkVersion="28"
8-->src/main/AndroidManifest.xml
9        android:targetSdkVersion="29" />
9-->src/main/AndroidManifest.xml
10
11    <uses-permission android:name="android.permission.CAMERA" />
11-->src/main/AndroidManifest.xml:3:3-63
11-->src/main/AndroidManifest.xml:3:20-60
12
13    <uses-feature
13-->src/main/AndroidManifest.xml:4:3-76
14        android:glEsVersion="0x00020000"
14-->src/main/AndroidManifest.xml:4:17-49
15        android:required="true" />
15-->src/main/AndroidManifest.xml:4:50-73
16    <uses-feature
16-->src/main/AndroidManifest.xml:5:3-83
17        android:name="android.hardware.camera2"
17-->src/main/AndroidManifest.xml:5:17-56
18        android:required="true" />
18-->src/main/AndroidManifest.xml:5:57-80
19    <uses-feature
19-->src/main/AndroidManifest.xml:6:3-82
20        android:name="android.hardware.camera"
20-->src/main/AndroidManifest.xml:6:17-55
21        android:required="true" />
21-->src/main/AndroidManifest.xml:6:56-79
22    <uses-feature
22-->src/main/AndroidManifest.xml:7:3-92
23        android:name="android.hardware.camera.autofocus"
23-->src/main/AndroidManifest.xml:7:17-65
24        android:required="true" />
24-->src/main/AndroidManifest.xml:7:66-89
25    <uses-feature
25-->src/main/AndroidManifest.xml:21:3-89
26        android:name="android.hardware.camera.front"
26-->src/main/AndroidManifest.xml:21:17-61
27        android:required="false" />
27-->src/main/AndroidManifest.xml:21:62-86
28    <uses-feature
28-->src/main/AndroidManifest.xml:22:3-88
29        android:name="android.hardware.touchscreen"
29-->src/main/AndroidManifest.xml:22:17-60
30        android:required="false" />
30-->src/main/AndroidManifest.xml:22:61-85
31    <uses-feature
31-->src/main/AndroidManifest.xml:23:3-99
32        android:name="android.hardware.touchscreen.multitouch"
32-->src/main/AndroidManifest.xml:23:17-71
33        android:required="false" />
33-->src/main/AndroidManifest.xml:23:72-96
34    <uses-feature
34-->src/main/AndroidManifest.xml:24:3-108
35        android:name="android.hardware.touchscreen.multitouch.distinct"
35-->src/main/AndroidManifest.xml:24:17-80
36        android:required="false" />
36-->src/main/AndroidManifest.xml:24:81-105
37
38    <application android:label="@string/app_name" >
38-->src/main/AndroidManifest.xml:8:3-20:17
38-->src/main/AndroidManifest.xml:8:16-48
39        <activity
39-->src/main/AndroidManifest.xml:9:5-15:16
40            android:name="gmy.camera.CameraPluginActivity"
40-->src/main/AndroidManifest.xml:9:15-61
41            android:configChanges="fontScale|keyboard|keyboardHidden|locale|mnc|mcc|navigation|orientation|screenLayout|screenSize|smallestScreenSize|uiMode|touchscreen"
41-->src/main/AndroidManifest.xml:9:62-219
42            android:label="@string/app_name"
42-->src/main/AndroidManifest.xml:9:220-252
43            android:screenOrientation="landscape" >
43-->src/main/AndroidManifest.xml:9:253-290
44            <intent-filter>
44-->src/main/AndroidManifest.xml:10:7-13:23
45                <action android:name="android.intent.action.MAIN" />
45-->src/main/AndroidManifest.xml:11:9-61
45-->src/main/AndroidManifest.xml:11:17-58
46
47                <category android:name="android.intent.category.LAUNCHER" />
47-->src/main/AndroidManifest.xml:12:9-69
47-->src/main/AndroidManifest.xml:12:19-66
48            </intent-filter>
49
50            <meta-data
50-->src/main/AndroidManifest.xml:14:7-78
51                android:name="android.notch_support"
51-->src/main/AndroidManifest.xml:14:18-54
52                android:value="true" />
52-->src/main/AndroidManifest.xml:14:55-75
53        </activity>
54
55        <meta-data
55-->src/main/AndroidManifest.xml:16:5-69
56            android:name="unity.splash-mode"
56-->src/main/AndroidManifest.xml:16:16-48
57            android:value="0" />
57-->src/main/AndroidManifest.xml:16:49-66
58        <meta-data
58-->src/main/AndroidManifest.xml:17:5-74
59            android:name="unity.splash-enable"
59-->src/main/AndroidManifest.xml:17:16-50
60            android:value="True" />
60-->src/main/AndroidManifest.xml:17:51-71
61        <meta-data
61-->src/main/AndroidManifest.xml:18:5-81
62            android:name="notch.config"
62-->src/main/AndroidManifest.xml:18:16-43
63            android:value="portrait|landscape" />
63-->src/main/AndroidManifest.xml:18:44-78
64        <meta-data
64-->src/main/AndroidManifest.xml:19:5-101
65            android:name="unity.build-id"
65-->src/main/AndroidManifest.xml:19:16-45
66            android:value="ad772bb1-c023-4cec-86a5-8b4c009f0a2f" />
66-->src/main/AndroidManifest.xml:19:46-98
67    </application>
68
69</manifest>